Content-Type: multipart/alternative; boundary="===============0214078665=="
MIME-Version: 1.0
Subject: 
 =?utf-8?b?0J3QvtCy0L7QtSDRgdC+0L7QsdGJ0LXQvdC40LUg0L7RgiBEYXZpZCBCeWVycyA=?=
 =?utf-8?b?0YEg0YHQsNC50YLQsCAxMjcuMC4wLjE6ODAwMA==?=
From: ada_170301@mail.ru
To: bydev2001@gmail.com
Date: Sat, 05 Dec 2020 17:03:36 -0000
Message-ID: <160718781624.10760.8470364586038333444@home-pc>

--===============0214078665==
Content-Type: text/plain; charset="utf-8"
MIME-Version: 1.0
Content-Transfer-Encoding: 8bit


    Имя: David Byers
    Почта: ada_170301@mail.ru


    Тема: Установка сайта на Django


    Сообщение: qwade

--===============0214078665==
Content-Type: text/html; charset="utf-8"
MIME-Version: 1.0
Content-Transfer-Encoding: 8bit

<p>
    <b>Имя: </b><i>David Byers</i><br>
    <b>Почта: </b><i>ada_170301@mail.ru</i><br>
</p>
<p>
    <b>Тема: </b><i>Установка сайта на Django</i>
</p>
<p>
    <b>Сообщение: </b><i>qwade</i>
</p>
--===============0214078665==--

-------------------------------------------------------------------------------
