Content-Type: multipart/alternative; boundary="===============1635506408=="
MIME-Version: 1.0
Subject: 
 =?utf-8?b?0J3QvtCy0L7QtSDRgdC+0L7QsdGJ0LXQvdC40LUg0L7RgiDQlNCw0LLQuNC0INGB?=
 =?utf-8?b?INGB0LDQudGC0LAgMTI3LjAuMC4xOjgwMDA=?=
From: bydev2001@gmail.com
To: bydev2001@gmail.com
Date: Sat, 05 Dec 2020 17:01:53 -0000
Message-ID: <160718771307.10760.18275535528331446075@home-pc>

--===============1635506408==
Content-Type: text/plain; charset="utf-8"
MIME-Version: 1.0
Content-Transfer-Encoding: 8bit


    Имя: Давид
    Почта: bydev2001@gmail.com


    Тема: 


    Сообщение: asd

--===============1635506408==
Content-Type: text/html; charset="utf-8"
MIME-Version: 1.0
Content-Transfer-Encoding: 8bit

<p>
    <b>Имя: </b><i>Давид</i><br>
    <b>Почта: </b><i>bydev2001@gmail.com</i><br>
</p>
<p>
    <b>Тема: </b><i></i>
</p>
<p>
    <b>Сообщение: </b><i>asd</i>
</p>
--===============1635506408==--

-------------------------------------------------------------------------------
